20:04:55.873 [debug] Child {LoggerFileBackend, :general_log} of Supervisor Logger.Backends.Supervisor started
Pid: #PID<0.114.0>
Start Call: Logger.Backends.Watcher.start_link({{LoggerFileBackend, :general_log}, {LoggerFileBackend, :general_log}})
Restart: :transient
Shutdown: 5000
Type: :worker
20:04:55.873 [info] Child Logger.Backends.Supervisor of Supervisor Logger.Backends.Internal started
Pid: #PID<0.113.0>
Start Call: Logger.Backends.Supervisor.start_link([{LoggerFileBackend, :general_log}])
Restart: :permanent
Shutdown: :infinity
Type: :supervisor
20:04:55.873 [info] Child Logger.Backends.Internal of Supervisor Logger.Supervisor started
Pid: #PID<0.109.0>
Start Call: Logger.Backends.Internal.start_link([])
Restart: :permanent
Shutdown: :infinity
Type: :supervisor
20:04:55.873 [info] Application logger started at :nonode@nohost
20:05:03.808 [error] FATAL: Lexical is not compatible with Erlang/OTP 28.1.0

Lexical is compatible with the following versions of Erlang/OTP:

  >= 24.3.4
  >= 25.0.0
  >= 26.0.2
  >= 27.0.0

20:05:52.163 [debug] Child {LoggerFileBackend, :general_log} of Supervisor Logger.Backends.Supervisor started
Pid: #PID<0.114.0>
Start Call: Logger.Backends.Watcher.start_link({{LoggerFileBackend, :general_log}, {LoggerFileBackend, :general_log}})
Restart: :transient
Shutdown: 5000
Type: :worker
20:05:52.163 [info] Child Logger.Backends.Supervisor of Supervisor Logger.Backends.Internal started
Pid: #PID<0.113.0>
Start Call: Logger.Backends.Supervisor.start_link([{LoggerFileBackend, :general_log}])
Restart: :permanent
Shutdown: :infinity
Type: :supervisor
20:05:52.163 [info] Child Logger.Backends.Internal of Supervisor Logger.Supervisor started
Pid: #PID<0.109.0>
Start Call: Logger.Backends.Internal.start_link([])
Restart: :permanent
Shutdown: :infinity
Type: :supervisor
20:05:52.163 [info] Application logger started at :nonode@nohost
20:06:00.110 [error] FATAL: Lexical is not compatible with Erlang/OTP 28.1.0

Lexical is compatible with the following versions of Erlang/OTP:

  >= 24.3.4
  >= 25.0.0
  >= 26.0.2
  >= 27.0.0

20:06:02.999 [debug] Child {LoggerFileBackend, :general_log} of Supervisor Logger.Backends.Supervisor started
Pid: #PID<0.114.0>
Start Call: Logger.Backends.Watcher.start_link({{LoggerFileBackend, :general_log}, {LoggerFileBackend, :general_log}})
Restart: :transient
Shutdown: 5000
Type: :worker
20:06:02.999 [info] Child Logger.Backends.Supervisor of Supervisor Logger.Backends.Internal started
Pid: #PID<0.113.0>
Start Call: Logger.Backends.Supervisor.start_link([{LoggerFileBackend, :general_log}])
Restart: :permanent
Shutdown: :infinity
Type: :supervisor
20:06:02.999 [info] Child Logger.Backends.Internal of Supervisor Logger.Supervisor started
Pid: #PID<0.109.0>
Start Call: Logger.Backends.Internal.start_link([])
Restart: :permanent
Shutdown: :infinity
Type: :supervisor
20:06:02.999 [info] Application logger started at :nonode@nohost
20:06:10.957 [error] FATAL: Lexical is not compatible with Erlang/OTP 28.1.0

Lexical is compatible with the following versions of Erlang/OTP:

  >= 24.3.4
  >= 25.0.0
  >= 26.0.2
  >= 27.0.0

